0 info it worked if it ends with ok
1 verbose cli [ '/usr/local/bin/node',
1 verbose cli   '/Users/john/.npm-packages/bin/npm',
1 verbose cli   'run',
1 verbose cli   'lint' ]
2 info using npm@2.14.3
3 info using node@v4.4.2
4 verbose run-script [ 'prelint', 'lint', 'postlint' ]
5 info prelint angular2-quickstart@1.0.0
6 info lint angular2-quickstart@1.0.0
7 verbose unsafe-perm in lifecycle true
8 info angular2-quickstart@1.0.0 Failed to exec lint script
9 verbose stack Error: angular2-quickstart@1.0.0 lint: `tslint ./app/**/*.ts -t verbose`
9 verbose stack Exit status 2
9 verbose stack     at EventEmitter.<anonymous> (/Users/john/.npm-packages/lib/node_modules/npm/lib/utils/lifecycle.js:214:16)
9 verbose stack     at emitTwo (events.js:87:13)
9 verbose stack     at EventEmitter.emit (events.js:172:7)
9 verbose stack     at ChildProcess.<anonymous> (/Users/john/.npm-packages/lib/node_modules/npm/lib/utils/spawn.js:24:14)
9 verbose stack     at emitTwo (events.js:87:13)
9 verbose stack     at ChildProcess.emit (events.js:172:7)
9 verbose stack     at maybeClose (internal/child_process.js:827:16)
9 verbose stack     at Process.ChildProcess._handle.onexit (internal/child_process.js:211:5)
10 verbose pkgid angular2-quickstart@1.0.0
11 verbose cwd /Users/john/_git/pbp-a2-ward
12 error Darwin 15.4.0
13 error argv "/usr/local/bin/node" "/Users/john/.npm-packages/bin/npm" "run" "lint"
14 error node v4.4.2
15 error npm  v2.14.3
16 error code ELIFECYCLE
17 error angular2-quickstart@1.0.0 lint: `tslint ./app/**/*.ts -t verbose`
17 error Exit status 2
18 error Failed at the angular2-quickstart@1.0.0 lint script 'tslint ./app/**/*.ts -t verbose'.
18 error This is most likely a problem with the angular2-quickstart package,
18 error not with npm itself.
18 error Tell the author that this fails on your system:
18 error     tslint ./app/**/*.ts -t verbose
18 error You can get their info via:
18 error     npm owner ls angular2-quickstart
18 error There is likely additional logging output above.
19 verbose exit [ 1, true ]
